<?xml version="1.0" encoding="UTF-8"?>
<!-- Generated by org.testng.reporters.JUnitXMLReporter -->
<testsuite ignored="0" hostname="DESKTOP-EVL1Q7J" failures="0" tests="6" name="Test" time="59.444" errors="0" timestamp="2023-03-21T16:54:41 IST">
  <testcase classname="com.qa.Testcases.HomePageTest" name="HomePageTittleTest" time="0.015"/>
  <testcase classname="com.qa.Testcases.HomePageTest" name="VerfiyUserName" time="0.061"/>
  <testcase classname="com.qa.Testcases.HomePageTest" name="clickOnContextLinkTest" time="2.951"/>
  <testcase classname="com.qa.Testcases.LoginPageTest" name="LoginPageTitleTest" time="0.01"/>
  <testcase classname="com.qa.Testcases.LoginPageTest" name="CrmImageTest" time="0.042"/>
  <testcase classname="com.qa.Testcases.LoginPageTest" name="ValidateloginTest" time="14.392"/>
</testsuite> <!-- Test -->
