<?xml version="1.0" encoding="UTF-8"?>
<!-- Generated by org.testng.reporters.JUnitXMLReporter -->
<testsuite hostname="DESKTOP-EVL1Q7J" ignored="1" name="Default test" tests="2" failures="0" timestamp="2023-07-11T12:49:46 IST" time="54.16" errors="0">
  <testcase name="VerifyContactLabel" time="0.12" classname="com.qa.Testcases.ContactPageTest"/>
  <testcase name="SelectCheckBox" time="0.213" classname="com.qa.Testcases.ContactPageTest"/>
  <testcase name="ValidateCreateNewContact" time="0.0" classname="com.qa.Testcases.ContactPageTest">
    <ignored/>
  </testcase> <!-- ValidateCreateNewContact -->
</testsuite> <!-- Default test -->
