<?xml version="1.0" encoding="UTF-8"?>
<!-- Generated by org.testng.reporters.JUnitXMLReporter -->
<testsuite ignored="2" hostname="DESKTOP-EVL1Q7J" failures="0" tests="1" name="Default test" time="46.376" errors="0" timestamp="2023-03-27T11:27:55 IST">
  <testcase classname="com.qa.Testcases.ContactPageTest" name="VerifyContactLabel" time="0.054"/>
  <testcase classname="com.qa.Testcases.ContactPageTest" name="ValidateCreateNewContact" time="0.0">
    <ignored/>
  </testcase> <!-- ValidateCreateNewContact -->
  <testcase classname="com.qa.Testcases.ContactPageTest" name="SelectCheckBox" time="0.0">
    <ignored/>
  </testcase> <!-- SelectCheckBox -->
</testsuite> <!-- Default test -->
