<?xml version="1.0" encoding="UTF-8"?>
<testng-results ignored="2" total="3" passed="1" failed="0" skipped="0">
  <reporter-output>
  </reporter-output>
  <suite started-at="2023-03-27T11:27:08 IST" name="Default suite" finished-at="2023-03-27T11:27:55 IST" duration-ms="46376">
    <groups>
    </groups>
    <test started-at="2023-03-27T11:27:08 IST" name="Default test" finished-at="2023-03-27T11:27:55 IST" duration-ms="46376">
      <class name="com.qa.Testcases.ContactPageTest">
        <test-method is-config="true" signature="setup()[pri:0, instance:com.qa.Testcases.ContactPageTest@6a192cfe]" started-at="2023-03-27T11:27:08 IST" name="setup" finished-at="2023-03-27T11:27:54 IST" duration-ms="46095" status="PASS">
          <reporter-output>
          </reporter-output>
        </test-method> <!-- setup -->
        <test-method signature="VerifyContactLabel()[pri:1, instance:com.qa.Testcases.ContactPageTest@6a192cfe]" started-at="2023-03-27T11:27:54 IST" name="VerifyContactLabel" finished-at="2023-03-27T11:27:54 IST" duration-ms="54" status="PASS">
          <reporter-output>
          </reporter-output>
        </test-method> <!-- VerifyContactLabel -->
        <test-method is-config="true" signature="CloseApplication()[pri:0, instance:com.qa.Testcases.ContactPageTest@6a192cfe]" started-at="2023-03-27T11:27:54 IST" name="CloseApplication" finished-at="2023-03-27T11:27:55 IST" duration-ms="188" status="PASS">
          <reporter-output>
          </reporter-output>
        </test-method> <!-- CloseApplication -->
      </class> <!-- com.qa.Testcases.ContactPageTest -->
    </test> <!-- Default test -->
  </suite> <!-- Default suite -->
</testng-results>
