<?xml version="1.0" encoding="UTF-8"?>
<testng-results skipped="0" failed="0" ignored="1" total="3" passed="2">
  <reporter-output>
  </reporter-output>
  <suite name="Default suite" duration-ms="54160" started-at="2023-07-11T12:48:52 IST" finished-at="2023-07-11T12:49:46 IST">
    <groups>
    </groups>
    <test name="Default test" duration-ms="54160" started-at="2023-07-11T12:48:52 IST" finished-at="2023-07-11T12:49:46 IST">
      <class name="com.qa.Testcases.ContactPageTest">
        <test-method status="PASS" signature="setup()[pri:0, instance:com.qa.Testcases.ContactPageTest@25bbf683]" name="setup" is-config="true" duration-ms="27610" started-at="2023-07-11T12:48:52 IST" finished-at="2023-07-11T12:49:19 IST">
          <reporter-output>
          </reporter-output>
        </test-method> <!-- setup -->
        <test-method status="PASS" signature="VerifyContactLabel()[pri:1, instance:com.qa.Testcases.ContactPageTest@25bbf683]" name="VerifyContactLabel" duration-ms="120" started-at="2023-07-11T12:49:19 IST" finished-at="2023-07-11T12:49:20 IST">
          <reporter-output>
          </reporter-output>
        </test-method> <!-- VerifyContactLabel -->
        <test-method status="PASS" signature="CloseApplication()[pri:0, instance:com.qa.Testcases.ContactPageTest@25bbf683]" name="CloseApplication" is-config="true" duration-ms="764" started-at="2023-07-11T12:49:20 IST" finished-at="2023-07-11T12:49:20 IST">
          <reporter-output>
          </reporter-output>
        </test-method> <!-- CloseApplication -->
        <test-method status="PASS" signature="setup()[pri:0, instance:com.qa.Testcases.ContactPageTest@25bbf683]" name="setup" is-config="true" duration-ms="24580" started-at="2023-07-11T12:49:20 IST" finished-at="2023-07-11T12:49:45 IST">
          <reporter-output>
          </reporter-output>
        </test-method> <!-- setup -->
        <test-method status="PASS" signature="SelectCheckBox()[pri:2, instance:com.qa.Testcases.ContactPageTest@25bbf683]" name="SelectCheckBox" duration-ms="213" started-at="2023-07-11T12:49:45 IST" finished-at="2023-07-11T12:49:45 IST">
          <reporter-output>
          </reporter-output>
        </test-method> <!-- SelectCheckBox -->
        <test-method status="PASS" signature="CloseApplication()[pri:0, instance:com.qa.Testcases.ContactPageTest@25bbf683]" name="CloseApplication" is-config="true" duration-ms="788" started-at="2023-07-11T12:49:45 IST" finished-at="2023-07-11T12:49:46 IST">
          <reporter-output>
          </reporter-output>
        </test-method> <!-- CloseApplication -->
      </class> <!-- com.qa.Testcases.ContactPageTest -->
    </test> <!-- Default test -->
  </suite> <!-- Default suite -->
</testng-results>
